# JRE version: Java(TM) SE Runtime Environment (21.0.9+7) (build 21.0.9+7-LTS-338)
# Java VM: Java HotSpot(TM) 64-Bit Server VM (21.0.9+7-LTS-338, mixed mode, sharing, tiered, compressed oops, compressed class ptrs, g1 gc, windows-amd64)
GC Precious Log:
 CardTable entry size: 512
 Card Set container configuration: InlinePtr #cards 4 size 8 Array Of Cards #cards 16 size 48 Howl #buckets 8 coarsen threshold 3686 Howl Bitmap #cards 512 size 80 coarsen threshold 460 Card regions per heap region 1 cards per card region 4096
 CPUs: 4 total, 4 available
 Memory: 16295M
 Large Page Support: Disabled
 NUMA Support: Disabled
 Compressed Oops: Enabled (Zero based)
 Heap Region Size: 2M
 Heap Min Capacity: 8M
 Heap Initial Capacity: 256M
 Heap Max Capacity: 4074M
 Pre-touch: Disabled
 Parallel Workers: 4
 Concurrent Workers: 1
 Concurrent Refinement Workers: 4
 Periodic GC: Disabled
Heap:
 garbage-first heap   total 122880K, used 98811K [0x0000000701600000, 0x0000000800000000)
  region size 2048K, 22 young (45056K), 2 survivors (4096K)
 Metaspace       used 30371K, committed 30848K, reserved 1114112K
  class space    used 3343K, committed 3584K, reserved 1048576K
GC Heap History (16 events):
Event: 0.536 GC heap before
{Heap before GC invocations=0 (full 0):
 garbage-first heap   total 262144K, used 12288K [0x0000000701600000, 0x0000000800000000)
  region size 2048K, 6 young (12288K), 0 survivors (0K)
 Metaspace       used 3029K, committed 3200K, reserved 1114112K
  class space    used 305K, committed 384K, reserved 1048576K
}
Event: 0.540 GC heap after
{Heap after GC invocations=1 (full 0):
 garbage-first heap   total 262144K, used 3150K [0x0000000701600000, 0x0000000800000000)
  region size 2048K, 1 young (2048K), 1 survivors (2048K)
 Metaspace       used 3029K, committed 3200K, reserved 1114112K
  class space    used 305K, committed 384K, reserved 1048576K
}
Event: 0.833 GC heap before
{Heap before GC invocations=1 (full 0):
 garbage-first heap   total 262144K, used 13390K [0x0000000701600000, 0x0000000800000000)
  region size 2048K, 7 young (14336K), 1 survivors (2048K)
 Metaspace       used 5688K, committed 5888K, reserved 1114112K
  class space    used 663K, committed 768K, reserved 1048576K
}
Event: 0.838 GC heap after
{Heap after GC invocations=2 (full 0):
 garbage-first heap   total 262144K, used 3843K [0x0000000701600000, 0x0000000800000000)
  region size 2048K, 1 young (2048K), 1 survivors (2048K)
 Metaspace       used 5688K, committed 5888K, reserved 1114112K
  class space    used 663K, committed 768K, reserved 1048576K
}
Event: 2.236 GC heap before
{Heap before GC invocations=2 (full 0):
 garbage-first heap   total 262144K, used 38659K [0x0000000701600000, 0x0000000800000000)
  region size 2048K, 19 young (38912K), 1 survivors (2048K)
 Metaspace       used 10228K, committed 10368K, reserved 1114112K
  class space    used 1218K, committed 1280K, reserved 1048576K
}
Event: 2.239 GC heap after
{Heap after GC invocations=3 (full 0):
 garbage-first heap   total 262144K, used 5581K [0x0000000701600000, 0x0000000800000000)
  region size 2048K, 2 young (4096K), 2 survivors (4096K)
 Metaspace       used 10228K, committed 10368K, reserved 1114112K
  class space    used 1218K, committed 1280K, reserved 1048576K
}
Event: 6.238 GC heap before
{Heap before GC invocations=3 (full 0):
 garbage-first heap   total 262144K, used 155085K [0x0000000701600000, 0x0000000800000000)
  region size 2048K, 76 young (155648K), 2 survivors (4096K)
 Metaspace       used 16864K, committed 17088K, reserved 1114112K
  class space    used 1882K, committed 1984K, reserved 1048576K
}
Event: 6.259 GC heap after
{Heap after GC invocations=4 (full 0):
 garbage-first heap   total 262144K, used 16584K [0x0000000701600000, 0x0000000800000000)
  region size 2048K, 7 young (14336K), 7 survivors (14336K)
 Metaspace       used 16864K, committed 17088K, reserved 1114112K
  class space    used 1882K, committed 1984K, reserved 1048576K
}
Event: 7.706 GC heap before
{Heap before GC invocations=4 (full 0):
 garbage-first heap   total 262144K, used 104648K [0x0000000701600000, 0x0000000800000000)
  region size 2048K, 31 young (63488K), 7 survivors (14336K)
 Metaspace       used 21151K, committed 21504K, reserved 1114112K
  class space    used 2380K, committed 2560K, reserved 1048576K
}
Event: 7.729 GC heap after
{Heap after GC invocations=5 (full 0):
 garbage-first heap   total 262144K, used 31498K [0x0000000701600000, 0x0000000800000000)
  region size 2048K, 4 young (8192K), 4 survivors (8192K)
 Metaspace       used 21151K, committed 21504K, reserved 1114112K
  class space    used 2380K, committed 2560K, reserved 1048576K
}
Event: 9.154 GC heap before
{Heap before GC invocations=6 (full 0):
 garbage-first heap   total 116736K, used 92938K [0x0000000701600000, 0x0000000800000000)
  region size 2048K, 34 young (69632K), 4 survivors (8192K)
 Metaspace       used 26518K, committed 26880K, reserved 1114112K
  class space    used 2964K, committed 3136K, reserved 1048576K
}
Event: 9.184 GC heap after
{Heap after GC invocations=7 (full 0):
 garbage-first heap   total 122880K, used 47376K [0x0000000701600000, 0x0000000800000000)
  region size 2048K, 5 young (10240K), 5 survivors (10240K)
 Metaspace       used 26518K, committed 26880K, reserved 1114112K
  class space    used 2964K, committed 3136K, reserved 1048576K
}
Event: 10.093 GC heap before
{Heap before GC invocations=7 (full 0):
 garbage-first heap   total 122880K, used 94480K [0x0000000701600000, 0x0000000800000000)
  region size 2048K, 28 young (57344K), 5 survivors (10240K)
 Metaspace       used 27405K, committed 27776K, reserved 1114112K
  class space    used 3033K, committed 3200K, reserved 1048576K
}
Event: 10.120 GC heap after
{Heap after GC invocations=8 (full 0):
 garbage-first heap   total 122880K, used 56320K [0x0000000701600000, 0x0000000800000000)
  region size 2048K, 4 young (8192K), 4 survivors (8192K)
 Metaspace       used 27405K, committed 27776K, reserved 1114112K
  class space    used 3033K, committed 3200K, reserved 1048576K
}
Event: 11.037 GC heap before
{Heap before GC invocations=8 (full 0):
 garbage-first heap   total 122880K, used 97280K [0x0000000701600000, 0x0000000800000000)
  region size 2048K, 25 young (51200K), 4 survivors (8192K)
 Metaspace       used 29604K, committed 30016K, reserved 1114112K
  class space    used 3254K, committed 3456K, reserved 1048576K
}
Event: 11.053 GC heap after
{Heap after GC invocations=9 (full 0):
 garbage-first heap   total 122880K, used 59899K [0x0000000701600000, 0x0000000800000000)
  region size 2048K, 2 young (4096K), 2 survivors (4096K)
 Metaspace       used 29604K, committed 30016K, reserved 1114112K
  class space    used 3254K, committed 3456K, reserved 1048576K
}

